<?xml version="1.0" encoding="UTF-8"?>
<!-- Generated by org.testng.reporters.JUnitReportReporter -->
<testsuite hostname="rutul4100" failures="0" tests="1" name="functionalTests.GetWeatherDetailsFunctionalTest" time="2.883" errors="0" timestamp="2024-11-08T18:05:52 IST" skipped="0">
  <testcase classname="functionalTests.GetWeatherDetailsFunctionalTest" name="f" time="2.883"/>
  <system-out/>
</testsuite> <!-- functionalTests.GetWeatherDetailsFunctionalTest -->
